  WAIB.cpp
E:\Шкила\Шаг\C++\WAIB\WAIB\Headers\Level1.h(144,19): warning C4244: аргумент: преобразование "time_t" в "unsigned int", возможна потеря данных
E:\Шкила\Шаг\C++\WAIB\WAIB\Headers\Level1.h(476,91): warning C4806: |: небезопасная операция: значение типа "bool", приведенное к типу "Move_Alphabet", не может равняться данной константе
E:\Шкила\Шаг\C++\WAIB\WAIB\Headers\Level1.h(476): warning C4554: "|": проверьте приоритет операторов на ошибки; для уточнения приоритета используйте скобки
E:\Шкила\Шаг\C++\WAIB\WAIB\Headers\Level1.h(478,91): warning C4806: |: небезопасная операция: значение типа "bool", приведенное к типу "Move_Alphabet", не может равняться данной константе
E:\Шкила\Шаг\C++\WAIB\WAIB\Headers\Level1.h(478,1): warning C4554: "|": проверьте приоритет операторов на ошибки; для уточнения приоритета используйте скобки
E:\Шкила\Шаг\C++\WAIB\WAIB\Headers\Level1.h(480,91): warning C4806: |: небезопасная операция: значение типа "bool", приведенное к типу "Move_Alphabet", не может равняться данной константе
E:\Шкила\Шаг\C++\WAIB\WAIB\Headers\Level1.h(480,1): warning C4554: "|": проверьте приоритет операторов на ошибки; для уточнения приоритета используйте скобки
E:\Шкила\Шаг\C++\WAIB\WAIB\Headers\Level1.h(482,91): warning C4806: |: небезопасная операция: значение типа "bool", приведенное к типу "Move_Alphabet", не может равняться данной константе
E:\Шкила\Шаг\C++\WAIB\WAIB\Headers\Level1.h(482,1): warning C4554: "|": проверьте приоритет операторов на ошибки; для уточнения приоритета используйте скобки
E:\Шкила\Шаг\C++\WAIB\WAIB\Headers\Level1.h(484,91): warning C4806: |: небезопасная операция: значение типа "bool", приведенное к типу "Move_Alphabet", не может равняться данной константе
E:\Шкила\Шаг\C++\WAIB\WAIB\Headers\Level1.h(484,1): warning C4554: "|": проверьте приоритет операторов на ошибки; для уточнения приоритета используйте скобки
E:\Шкила\Шаг\C++\WAIB\WAIB\Headers\Level1.h(486,91): warning C4806: |: небезопасная операция: значение типа "bool", приведенное к типу "Move_Alphabet", не может равняться данной константе
E:\Шкила\Шаг\C++\WAIB\WAIB\Headers\Level1.h(486,1): warning C4554: "|": проверьте приоритет операторов на ошибки; для уточнения приоритета используйте скобки
E:\Шкила\Шаг\C++\WAIB\WAIB\Headers\Level1.h(488,91): warning C4806: |: небезопасная операция: значение типа "bool", приведенное к типу "Move_Alphabet", не может равняться данной константе
E:\Шкила\Шаг\C++\WAIB\WAIB\Headers\Level1.h(488,1): warning C4554: "|": проверьте приоритет операторов на ошибки; для уточнения приоритета используйте скобки
E:\Шкила\Шаг\C++\WAIB\WAIB\Headers\Level1.h(490,91): warning C4806: |: небезопасная операция: значение типа "bool", приведенное к типу "Move_Alphabet", не может равняться данной константе
E:\Шкила\Шаг\C++\WAIB\WAIB\Headers\Level1.h(490,1): warning C4554: "|": проверьте приоритет операторов на ошибки; для уточнения приоритета используйте скобки
E:\Шкила\Шаг\C++\WAIB\WAIB\Headers\Level1.h(492,91): warning C4806: |: небезопасная операция: значение типа "bool", приведенное к типу "Move_Alphabet", не может равняться данной константе
E:\Шкила\Шаг\C++\WAIB\WAIB\Headers\Level1.h(492,1): warning C4554: "|": проверьте приоритет операторов на ошибки; для уточнения приоритета используйте скобки
E:\Шкила\Шаг\C++\WAIB\WAIB\Headers\Level1.h(494,91): warning C4806: |: небезопасная операция: значение типа "bool", приведенное к типу "Move_Alphabet", не может равняться данной константе
E:\Шкила\Шаг\C++\WAIB\WAIB\Headers\Level1.h(494,1): warning C4554: "|": проверьте приоритет операторов на ошибки; для уточнения приоритета используйте скобки
E:\Шкила\Шаг\C++\WAIB\WAIB\Headers\Level1.h(496,91): warning C4806: |: небезопасная операция: значение типа "bool", приведенное к типу "Move_Alphabet", не может равняться данной константе
E:\Шкила\Шаг\C++\WAIB\WAIB\Headers\Level1.h(496,1): warning C4554: "|": проверьте приоритет операторов на ошибки; для уточнения приоритета используйте скобки
E:\Шкила\Шаг\C++\WAIB\WAIB\Headers\Level1.h(498,91): warning C4806: |: небезопасная операция: значение типа "bool", приведенное к типу "Move_Alphabet", не может равняться данной константе
E:\Шкила\Шаг\C++\WAIB\WAIB\Headers\Level1.h(498,1): warning C4554: "|": проверьте приоритет операторов на ошибки; для уточнения приоритета используйте скобки
E:\Шкила\Шаг\C++\WAIB\WAIB\Headers\Level1.h(500,91): warning C4806: |: небезопасная операция: значение типа "bool", приведенное к типу "Move_Alphabet", не может равняться данной константе
E:\Шкила\Шаг\C++\WAIB\WAIB\Headers\Level1.h(500,1): warning C4554: "|": проверьте приоритет операторов на ошибки; для уточнения приоритета используйте скобки
E:\Шкила\Шаг\C++\WAIB\WAIB\Headers\Level1.h(563,92): warning C4806: |: небезопасная операция: значение типа "bool", приведенное к типу "Move_Alphabet", не может равняться данной константе
E:\Шкила\Шаг\C++\WAIB\WAIB\Headers\Level1.h(563): warning C4554: "|": проверьте приоритет операторов на ошибки; для уточнения приоритета используйте скобки
E:\Шкила\Шаг\C++\WAIB\WAIB\Headers\Level1.h(565,92): warning C4806: |: небезопасная операция: значение типа "bool", приведенное к типу "Move_Alphabet", не может равняться данной константе
E:\Шкила\Шаг\C++\WAIB\WAIB\Headers\Level1.h(565,1): warning C4554: "|": проверьте приоритет операторов на ошибки; для уточнения приоритета используйте скобки
E:\Шкила\Шаг\C++\WAIB\WAIB\Headers\Level1.h(567,92): warning C4806: |: небезопасная операция: значение типа "bool", приведенное к типу "Move_Alphabet", не может равняться данной константе
E:\Шкила\Шаг\C++\WAIB\WAIB\Headers\Level1.h(567,1): warning C4554: "|": проверьте приоритет операторов на ошибки; для уточнения приоритета используйте скобки
E:\Шкила\Шаг\C++\WAIB\WAIB\Headers\Level1.h(569,92): warning C4806: |: небезопасная операция: значение типа "bool", приведенное к типу "Move_Alphabet", не может равняться данной константе
E:\Шкила\Шаг\C++\WAIB\WAIB\Headers\Level1.h(569,1): warning C4554: "|": проверьте приоритет операторов на ошибки; для уточнения приоритета используйте скобки
E:\Шкила\Шаг\C++\WAIB\WAIB\Headers\Level1.h(571,92): warning C4806: |: небезопасная операция: значение типа "bool", приведенное к типу "Move_Alphabet", не может равняться данной константе
E:\Шкила\Шаг\C++\WAIB\WAIB\Headers\Level1.h(571,1): warning C4554: "|": проверьте приоритет операторов на ошибки; для уточнения приоритета используйте скобки
E:\Шкила\Шаг\C++\WAIB\WAIB\Headers\Level1.h(573,92): warning C4806: |: небезопасная операция: значение типа "bool", приведенное к типу "Move_Alphabet", не может равняться данной константе
E:\Шкила\Шаг\C++\WAIB\WAIB\Headers\Level1.h(573,1): warning C4554: "|": проверьте приоритет операторов на ошибки; для уточнения приоритета используйте скобки
E:\Шкила\Шаг\C++\WAIB\WAIB\Headers\Level1.h(575,92): warning C4806: |: небезопасная операция: значение типа "bool", приведенное к типу "Move_Alphabet", не может равняться данной константе
E:\Шкила\Шаг\C++\WAIB\WAIB\Headers\Level1.h(575,1): warning C4554: "|": проверьте приоритет операторов на ошибки; для уточнения приоритета используйте скобки
E:\Шкила\Шаг\C++\WAIB\WAIB\Headers\Level1.h(577,92): warning C4806: |: небезопасная операция: значение типа "bool", приведенное к типу "Move_Alphabet", не может равняться данной константе
E:\Шкила\Шаг\C++\WAIB\WAIB\Headers\Level1.h(577,1): warning C4554: "|": проверьте приоритет операторов на ошибки; для уточнения приоритета используйте скобки
E:\Шкила\Шаг\C++\WAIB\WAIB\Headers\Level1.h(579,92): warning C4806: |: небезопасная операция: значение типа "bool", приведенное к типу "Move_Alphabet", не может равняться данной константе
E:\Шкила\Шаг\C++\WAIB\WAIB\Headers\Level1.h(579,1): warning C4554: "|": проверьте приоритет операторов на ошибки; для уточнения приоритета используйте скобки
E:\Шкила\Шаг\C++\WAIB\WAIB\Headers\Level1.h(581,92): warning C4806: |: небезопасная операция: значение типа "bool", приведенное к типу "Move_Alphabet", не может равняться данной константе
E:\Шкила\Шаг\C++\WAIB\WAIB\Headers\Level1.h(581,1): warning C4554: "|": проверьте приоритет операторов на ошибки; для уточнения приоритета используйте скобки
E:\Шкила\Шаг\C++\WAIB\WAIB\Headers\Level1.h(583,92): warning C4806: |: небезопасная операция: значение типа "bool", приведенное к типу "Move_Alphabet", не может равняться данной константе
E:\Шкила\Шаг\C++\WAIB\WAIB\Headers\Level1.h(583,1): warning C4554: "|": проверьте приоритет операторов на ошибки; для уточнения приоритета используйте скобки
E:\Шкила\Шаг\C++\WAIB\WAIB\Headers\Level1.h(585,92): warning C4806: |: небезопасная операция: значение типа "bool", приведенное к типу "Move_Alphabet", не может равняться данной константе
E:\Шкила\Шаг\C++\WAIB\WAIB\Headers\Level1.h(585,1): warning C4554: "|": проверьте приоритет операторов на ошибки; для уточнения приоритета используйте скобки
E:\Шкила\Шаг\C++\WAIB\WAIB\Headers\Level1.h(587,92): warning C4806: |: небезопасная операция: значение типа "bool", приведенное к типу "Move_Alphabet", не может равняться данной константе
E:\Шкила\Шаг\C++\WAIB\WAIB\Headers\Level1.h(587,1): warning C4554: "|": проверьте приоритет операторов на ошибки; для уточнения приоритета используйте скобки
E:\Шкила\Шаг\C++\WAIB\WAIB\Headers\Level1.h(645,92): warning C4806: |: небезопасная операция: значение типа "bool", приведенное к типу "Move_Alphabet", не может равняться данной константе
E:\Шкила\Шаг\C++\WAIB\WAIB\Headers\Level1.h(645): warning C4554: "|": проверьте приоритет операторов на ошибки; для уточнения приоритета используйте скобки
E:\Шкила\Шаг\C++\WAIB\WAIB\Headers\Level1.h(647,92): warning C4806: |: небезопасная операция: значение типа "bool", приведенное к типу "Move_Alphabet", не может равняться данной константе
E:\Шкила\Шаг\C++\WAIB\WAIB\Headers\Level1.h(647,1): warning C4554: "|": проверьте приоритет операторов на ошибки; для уточнения приоритета используйте скобки
E:\Шкила\Шаг\C++\WAIB\WAIB\Headers\Level1.h(649,92): warning C4806: |: небезопасная операция: значение типа "bool", приведенное к типу "Move_Alphabet", не может равняться данной константе
E:\Шкила\Шаг\C++\WAIB\WAIB\Headers\Level1.h(649,1): warning C4554: "|": проверьте приоритет операторов на ошибки; для уточнения приоритета используйте скобки
E:\Шкила\Шаг\C++\WAIB\WAIB\Headers\Level1.h(651,92): warning C4806: |: небезопасная операция: значение типа "bool", приведенное к типу "Move_Alphabet", не может равняться данной константе
E:\Шкила\Шаг\C++\WAIB\WAIB\Headers\Level1.h(651,1): warning C4554: "|": проверьте приоритет операторов на ошибки; для уточнения приоритета используйте скобки
E:\Шкила\Шаг\C++\WAIB\WAIB\Headers\Level1.h(653,92): warning C4806: |: небезопасная операция: значение типа "bool", приведенное к типу "Move_Alphabet", не может равняться данной константе
E:\Шкила\Шаг\C++\WAIB\WAIB\Headers\Level1.h(653,1): warning C4554: "|": проверьте приоритет операторов на ошибки; для уточнения приоритета используйте скобки
E:\Шкила\Шаг\C++\WAIB\WAIB\Headers\Level1.h(655,92): warning C4806: |: небезопасная операция: значение типа "bool", приведенное к типу "Move_Alphabet", не может равняться данной константе
E:\Шкила\Шаг\C++\WAIB\WAIB\Headers\Level1.h(655,1): warning C4554: "|": проверьте приоритет операторов на ошибки; для уточнения приоритета используйте скобки
E:\Шкила\Шаг\C++\WAIB\WAIB\Headers\Level1.h(657,92): warning C4806: |: небезопасная операция: значение типа "bool", приведенное к типу "Move_Alphabet", не может равняться данной константе
E:\Шкила\Шаг\C++\WAIB\WAIB\Headers\Level1.h(657,1): warning C4554: "|": проверьте приоритет операторов на ошибки; для уточнения приоритета используйте скобки
E:\Шкила\Шаг\C++\WAIB\WAIB\Headers\Level1.h(659,92): warning C4806: |: небезопасная операция: значение типа "bool", приведенное к типу "Move_Alphabet", не может равняться данной константе
E:\Шкила\Шаг\C++\WAIB\WAIB\Headers\Level1.h(659,1): warning C4554: "|": проверьте приоритет операторов на ошибки; для уточнения приоритета используйте скобки
E:\Шкила\Шаг\C++\WAIB\WAIB\Headers\Level1.h(661,92): warning C4806: |: небезопасная операция: значение типа "bool", приведенное к типу "Move_Alphabet", не может равняться данной константе
E:\Шкила\Шаг\C++\WAIB\WAIB\Headers\Level1.h(661,1): warning C4554: "|": проверьте приоритет операторов на ошибки; для уточнения приоритета используйте скобки
E:\Шкила\Шаг\C++\WAIB\WAIB\Headers\Level1.h(663,92): warning C4806: |: небезопасная операция: значение типа "bool", приведенное к типу "Move_Alphabet", не может равняться данной константе
E:\Шкила\Шаг\C++\WAIB\WAIB\Headers\Level1.h(663,1): warning C4554: "|": проверьте приоритет операторов на ошибки; для уточнения приоритета используйте скобки
E:\Шкила\Шаг\C++\WAIB\WAIB\Headers\Level1.h(665,92): warning C4806: |: небезопасная операция: значение типа "bool", приведенное к типу "Move_Alphabet", не может равняться данной константе
E:\Шкила\Шаг\C++\WAIB\WAIB\Headers\Level1.h(665,1): warning C4554: "|": проверьте приоритет операторов на ошибки; для уточнения приоритета используйте скобки
E:\Шкила\Шаг\C++\WAIB\WAIB\Headers\Level1.h(667,92): warning C4806: |: небезопасная операция: значение типа "bool", приведенное к типу "Move_Alphabet", не может равняться данной константе
E:\Шкила\Шаг\C++\WAIB\WAIB\Headers\Level1.h(667,1): warning C4554: "|": проверьте приоритет операторов на ошибки; для уточнения приоритета используйте скобки
E:\Шкила\Шаг\C++\WAIB\WAIB\Headers\Level1.h(669,92): warning C4806: |: небезопасная операция: значение типа "bool", приведенное к типу "Move_Alphabet", не может равняться данной константе
E:\Шкила\Шаг\C++\WAIB\WAIB\Headers\Level1.h(669,1): warning C4554: "|": проверьте приоритет операторов на ошибки; для уточнения приоритета используйте скобки
E:\Шкила\Шаг\C++\WAIB\WAIB\Headers\Level1.h(671,92): warning C4806: |: небезопасная операция: значение типа "bool", приведенное к типу "Move_Alphabet", не может равняться данной константе
E:\Шкила\Шаг\C++\WAIB\WAIB\Headers\Level1.h(671,1): warning C4554: "|": проверьте приоритет операторов на ошибки; для уточнения приоритета используйте скобки
E:\Шкила\Шаг\C++\WAIB\WAIB\Headers\Level1.h(673,92): warning C4806: |: небезопасная операция: значение типа "bool", приведенное к типу "Move_Alphabet", не может равняться данной константе
E:\Шкила\Шаг\C++\WAIB\WAIB\Headers\Level1.h(673,1): warning C4554: "|": проверьте приоритет операторов на ошибки; для уточнения приоритета используйте скобки
E:\Шкила\Шаг\C++\WAIB\WAIB\Headers\Level1.h(675,92): warning C4806: |: небезопасная операция: значение типа "bool", приведенное к типу "Move_Alphabet", не может равняться данной константе
E:\Шкила\Шаг\C++\WAIB\WAIB\Headers\Level1.h(675,1): warning C4554: "|": проверьте приоритет операторов на ошибки; для уточнения приоритета используйте скобки
E:\Шкила\Шаг\C++\WAIB\WAIB\Headers\Level1.h(677,92): warning C4806: |: небезопасная операция: значение типа "bool", приведенное к типу "Move_Alphabet", не может равняться данной константе
E:\Шкила\Шаг\C++\WAIB\WAIB\Headers\Level1.h(677,1): warning C4554: "|": проверьте приоритет операторов на ошибки; для уточнения приоритета используйте скобки
E:\Шкила\Шаг\C++\WAIB\WAIB\Headers\Level1.h(679,92): warning C4806: |: небезопасная операция: значение типа "bool", приведенное к типу "Move_Alphabet", не может равняться данной константе
E:\Шкила\Шаг\C++\WAIB\WAIB\Headers\Level1.h(679,1): warning C4554: "|": проверьте приоритет операторов на ошибки; для уточнения приоритета используйте скобки
E:\Шкила\Шаг\C++\WAIB\WAIB\Headers\Level1.h(736,92): warning C4806: |: небезопасная операция: значение типа "bool", приведенное к типу "Move_Alphabet", не может равняться данной константе
E:\Шкила\Шаг\C++\WAIB\WAIB\Headers\Level1.h(736): warning C4554: "|": проверьте приоритет операторов на ошибки; для уточнения приоритета используйте скобки
E:\Шкила\Шаг\C++\WAIB\WAIB\Headers\Level1.h(738,92): warning C4806: |: небезопасная операция: значение типа "bool", приведенное к типу "Move_Alphabet", не может равняться данной константе
E:\Шкила\Шаг\C++\WAIB\WAIB\Headers\Level1.h(738,1): warning C4554: "|": проверьте приоритет операторов на ошибки; для уточнения приоритета используйте скобки
E:\Шкила\Шаг\C++\WAIB\WAIB\Headers\Level1.h(740,92): warning C4806: |: небезопасная операция: значение типа "bool", приведенное к типу "Move_Alphabet", не может равняться данной константе
E:\Шкила\Шаг\C++\WAIB\WAIB\Headers\Level1.h(740,1): warning C4554: "|": проверьте приоритет операторов на ошибки; для уточнения приоритета используйте скобки
E:\Шкила\Шаг\C++\WAIB\WAIB\Headers\Level1.h(742,92): warning C4806: |: небезопасная операция: значение типа "bool", приведенное к типу "Move_Alphabet", не может равняться данной константе
E:\Шкила\Шаг\C++\WAIB\WAIB\Headers\Level1.h(742,1): warning C4554: "|": проверьте приоритет операторов на ошибки; для уточнения приоритета используйте скобки
E:\Шкила\Шаг\C++\WAIB\WAIB\Headers\Level1.h(744,92): warning C4806: |: небезопасная операция: значение типа "bool", приведенное к типу "Move_Alphabet", не может равняться данной константе
E:\Шкила\Шаг\C++\WAIB\WAIB\Headers\Level1.h(744,1): warning C4554: "|": проверьте приоритет операторов на ошибки; для уточнения приоритета используйте скобки
E:\Шкила\Шаг\C++\WAIB\WAIB\Headers\Level1.h(746,92): warning C4806: |: небезопасная операция: значение типа "bool", приведенное к типу "Move_Alphabet", не может равняться данной константе
E:\Шкила\Шаг\C++\WAIB\WAIB\Headers\Level1.h(746,1): warning C4554: "|": проверьте приоритет операторов на ошибки; для уточнения приоритета используйте скобки
E:\Шкила\Шаг\C++\WAIB\WAIB\Headers\Level1.h(748,92): warning C4806: |: небезопасная операция: значение типа "bool", приведенное к типу "Move_Alphabet", не может равняться данной константе
E:\Шкила\Шаг\C++\WAIB\WAIB\Headers\Level1.h(748,1): warning C4554: "|": проверьте приоритет операторов на ошибки; для уточнения приоритета используйте скобки
E:\Шкила\Шаг\C++\WAIB\WAIB\Headers\Level1.h(750,92): warning C4806: |: небезопасная операция: значение типа "bool", приведенное к типу "Move_Alphabet", не может равняться данной константе
E:\Шкила\Шаг\C++\WAIB\WAIB\Headers\Level1.h(750,1): warning C4554: "|": проверьте приоритет операторов на ошибки; для уточнения приоритета используйте скобки
E:\Шкила\Шаг\C++\WAIB\WAIB\Headers\Level1.h(752,92): warning C4806: |: небезопасная операция: значение типа "bool", приведенное к типу "Move_Alphabet", не может равняться данной константе
E:\Шкила\Шаг\C++\WAIB\WAIB\Headers\Level1.h(752,1): warning C4554: "|": проверьте приоритет операторов на ошибки; для уточнения приоритета используйте скобки
E:\Шкила\Шаг\C++\WAIB\WAIB\Headers\Level1.h(754,92): warning C4806: |: небезопасная операция: значение типа "bool", приведенное к типу "Move_Alphabet", не может равняться данной константе
E:\Шкила\Шаг\C++\WAIB\WAIB\Headers\Level1.h(754,1): warning C4554: "|": проверьте приоритет операторов на ошибки; для уточнения приоритета используйте скобки
E:\Шкила\Шаг\C++\WAIB\WAIB\Headers\Level1.h(756,92): warning C4806: |: небезопасная операция: значение типа "bool", приведенное к типу "Move_Alphabet", не может равняться данной константе
E:\Шкила\Шаг\C++\WAIB\WAIB\Headers\Level1.h(756,1): warning C4554: "|": проверьте приоритет операторов на ошибки; для уточнения приоритета используйте скобки
E:\Шкила\Шаг\C++\WAIB\WAIB\Headers\Level1.h(758,92): warning C4806: |: небезопасная операция: значение типа "bool", приведенное к типу "Move_Alphabet", не может равняться данной константе
E:\Шкила\Шаг\C++\WAIB\WAIB\Headers\Level1.h(758,1): warning C4554: "|": проверьте приоритет операторов на ошибки; для уточнения приоритета используйте скобки
E:\Шкила\Шаг\C++\WAIB\WAIB\Headers\Level1.h(760,92): warning C4806: |: небезопасная операция: значение типа "bool", приведенное к типу "Move_Alphabet", не может равняться данной константе
E:\Шкила\Шаг\C++\WAIB\WAIB\Headers\Level1.h(760,1): warning C4554: "|": проверьте приоритет операторов на ошибки; для уточнения приоритета используйте скобки
E:\Шкила\Шаг\C++\WAIB\WAIB\Headers\Level1.h(762,92): warning C4806: |: небезопасная операция: значение типа "bool", приведенное к типу "Move_Alphabet", не может равняться данной константе
E:\Шкила\Шаг\C++\WAIB\WAIB\Headers\Level1.h(762,1): warning C4554: "|": проверьте приоритет операторов на ошибки; для уточнения приоритета используйте скобки
E:\Шкила\Шаг\C++\WAIB\WAIB\Headers\Level1.h(764,92): warning C4806: |: небезопасная операция: значение типа "bool", приведенное к типу "Move_Alphabet", не может равняться данной константе
E:\Шкила\Шаг\C++\WAIB\WAIB\Headers\Level1.h(764,1): warning C4554: "|": проверьте приоритет операторов на ошибки; для уточнения приоритета используйте скобки
E:\Шкила\Шаг\C++\WAIB\WAIB\Headers\Level1.h(766,92): warning C4806: |: небезопасная операция: значение типа "bool", приведенное к типу "Move_Alphabet", не может равняться данной константе
E:\Шкила\Шаг\C++\WAIB\WAIB\Headers\Level1.h(766,1): warning C4554: "|": проверьте приоритет операторов на ошибки; для уточнения приоритета используйте скобки
E:\Шкила\Шаг\C++\WAIB\WAIB\Headers\Level1.h(768,92): warning C4806: |: небезопасная операция: значение типа "bool", приведенное к типу "Move_Alphabet", не может равняться данной константе
E:\Шкила\Шаг\C++\WAIB\WAIB\Headers\Level1.h(768,1): warning C4554: "|": проверьте приоритет операторов на ошибки; для уточнения приоритета используйте скобки
E:\Шкила\Шаг\C++\WAIB\WAIB\Headers\Level1.h(770,92): warning C4806: |: небезопасная операция: значение типа "bool", приведенное к типу "Move_Alphabet", не может равняться данной константе
E:\Шкила\Шаг\C++\WAIB\WAIB\Headers\Level1.h(770,1): warning C4554: "|": проверьте приоритет операторов на ошибки; для уточнения приоритета используйте скобки
  WAIB.vcxproj -> E:\Шкила\Шаг\C++\WAIB\x64\Debug\WAIB.exe
